<?xml version="1.0" encoding="UTF-8"?>
<!-- Generated by org.testng.reporters.JUnitReportReporter -->
<testsuite hostname="LT32062ITD035" failures="0" tests="4" name="ldLoansTest.ldLoansTest" time="87.527" errors="0" timestamp="2024-07-31T09:28:23 ICT" skipped="0">
  <testcase classname="ldLoansTest.ldLoansTest" name="openLoanAcc" time="19.905"/>
  <system-out/>
  <testcase classname="ldLoansTest.ldLoansTest" name="openCurAcc" time="30.050"/>
  <system-out/>
  <testcase classname="ldLoansTest.ldLoansTest" name="dateTestgetToday" time="7.735"/>
  <system-out/>
  <testcase classname="ldLoansTest.ldLoansTest" name="customerKHDN" time="29.837"/>
  <system-out/>
</testsuite> <!-- ldLoansTest.ldLoansTest -->
