<?xml version="1.0" encoding="UTF-8"?>
<!-- Generated by org.testng.reporters.JUnitReportReporter -->
<testsuite hostname="LT32062ITD035" failures="0" tests="2" name="LDtest.LD025_026Test" time="8.351" errors="0" timestamp="2024-05-31T10:39:22 ICT" skipped="0">
  <testcase classname="LDtest.LD025_026Test" name="TestLD026" time="4.155"/>
  <system-out/>
  <testcase classname="LDtest.LD025_026Test" name="TestLD025" time="4.196"/>
  <system-out/>
</testsuite> <!-- LDtest.LD025_026Test -->
