<?xml version="1.0" encoding="UTF-8"?>
<!-- Generated by org.testng.reporters.JUnitReportReporter -->
<testsuite hostname="LT32062ITD035" failures="0" tests="1" name="ldLoansTest.ldLoansTest" time="4.272" errors="0" timestamp="2024-07-18T17:28:27 ICT" skipped="0">
  <testcase classname="ldLoansTest.ldLoansTest" name="ldLoanTest025" time="4.272"/>
  <system-out/>
</testsuite> <!-- ldLoansTest.ldLoansTest -->
