<?xml version="1.0" encoding="UTF-8"?>
<!-- Generated by org.testng.reporters.JUnitReportReporter -->
<testsuite hostname="LT32062ITD035" failures="0" tests="19" name="customerTest.customerTestCorp" time="552.090" errors="0" timestamp="2024-07-12T09:01:20 ICT" skipped="0">
  <testcase classname="customerTest.customerTestCorp" name="customerTest023" time="30.455"/>
  <system-out/>
  <testcase classname="customerTest.customerTestCorp" name="customerTest013" time="24.270"/>
  <system-out/>
  <testcase classname="customerTest.customerTestCorp" name="customerTest014" time="86.577"/>
  <system-out/>
  <testcase classname="customerTest.customerTestCorp" name="customerTest018" time="42.959"/>
  <system-out/>
  <testcase classname="customerTest.customerTestCorp" name="customerTest010" time="10.573"/>
  <system-out/>
  <testcase classname="customerTest.customerTestCorp" name="customerTest028" time="28.151"/>
  <system-out/>
  <testcase classname="customerTest.customerTestCorp" name="customerTest012" time="16.085"/>
  <system-out/>
  <testcase classname="customerTest.customerTestCorp" name="customerTest017" time="9.648"/>
  <system-out/>
  <testcase classname="customerTest.customerTestCorp" name="customerTest016" time="9.612"/>
  <system-out/>
  <testcase classname="customerTest.customerTestCorp" name="customerTest021" time="26.520"/>
  <system-out/>
  <testcase classname="customerTest.customerTestCorp" name="customerTest024" time="16.750"/>
  <system-out/>
  <testcase classname="customerTest.customerTestCorp" name="customerTest026" time="23.439"/>
  <system-out/>
  <testcase classname="customerTest.customerTestCorp" name="customerTest027" time="27.640"/>
  <system-out/>
  <testcase classname="customerTest.customerTestCorp" name="customerTest011" time="9.811"/>
  <system-out/>
  <testcase classname="customerTest.customerTestCorp" name="customerTest025" time="27.395"/>
  <system-out/>
  <testcase classname="customerTest.customerTestCorp" name="customerTest022" time="22.186"/>
  <system-out/>
  <testcase classname="customerTest.customerTestCorp" name="customerTest015" time="70.324"/>
  <system-out/>
  <testcase classname="customerTest.customerTestCorp" name="customerTest020" time="31.238"/>
  <system-out/>
  <testcase classname="customerTest.customerTestCorp" name="customerTest019" time="38.457"/>
  <system-out/>
</testsuite> <!-- customerTest.customerTestCorp -->
