<?xml version="1.0" encoding="UTF-8"?>
<!-- Generated by org.testng.reporters.JUnitReportReporter -->
<testsuite hostname="LT32062ITD035" failures="0" tests="5" name="ldLoansTest.ldLoansTest" time="55.858" errors="0" timestamp="2024-07-26T13:33:12 ICT" skipped="0">
  <testcase classname="ldLoansTest.ldLoansTest" name="dateTestgetToday" time="4.981"/>
  <system-out/>
  <testcase classname="ldLoansTest.ldLoansTest" name="customerKHDN" time="19.337"/>
  <system-out/>
  <testcase classname="ldLoansTest.ldLoansTest" name="openCurAcc" time="11.175"/>
  <system-out/>
  <testcase classname="ldLoansTest.ldLoansTest" name="openLoanAcc" time="10.773"/>
  <system-out/>
  <testcase classname="ldLoansTest.ldLoansTest" name="parentLDTest" time="9.592"/>
  <system-out/>
</testsuite> <!-- ldLoansTest.ldLoansTest -->
