<?xml version="1.0" encoding="UTF-8"?>
<!-- Generated by org.testng.reporters.JUnitReportReporter -->
<testsuite hostname="LT32062ITD035" failures="0" tests="4" name="MMTest.MMTest" time="89.301" errors="0" timestamp="2024-08-07T17:27:37 ICT" skipped="0">
  <testcase classname="MMTest.MMTest" name="customerKHDN" time="23.124"/>
  <system-out/>
  <testcase classname="MMTest.MMTest" name="openCurAcc" time="25.679"/>
  <system-out/>
  <testcase classname="MMTest.MMTest" name="dateTestgetToday" time="11.848"/>
  <system-out/>
  <testcase classname="MMTest.MMTest" name="MMTest006" time="28.650"/>
  <system-out/>
</testsuite> <!-- MMTest.MMTest -->
