<?xml version="1.0" encoding="UTF-8"?>
<!-- Generated by org.testng.reporters.JUnitReportReporter -->
<testsuite hostname="LT32062ITD035" failures="0" tests="1" name="MMTest.NewTestPopUpBlock" time="0.006" errors="0" timestamp="2024-08-09T11:12:55 ICT" skipped="0">
  <testcase classname="MMTest.NewTestPopUpBlock" name="testPopUpBlock" time="0.006"/>
  <system-out/>
</testsuite> <!-- MMTest.NewTestPopUpBlock -->
