<?xml version="1.0" encoding="UTF-8"?>
<!-- Generated by org.testng.reporters.JUnitReportReporter -->
<testsuite hostname="LT32062ITD035" failures="0" tests="3" name="ldLoansTest.ldLoansTest" time="50.779" errors="0" timestamp="2024-07-22T15:59:10 ICT" skipped="0">
  <testcase classname="ldLoansTest.ldLoansTest" name="dateTestgetToday" time="5.626"/>
  <system-out/>
  <testcase classname="ldLoansTest.ldLoansTest" name="ldLoanTest014" time="18.561"/>
  <system-out/>
  <testcase classname="ldLoansTest.ldLoansTest" name="customerKHDN" time="26.592"/>
  <system-out/>
</testsuite> <!-- ldLoansTest.ldLoansTest -->
