<?xml version="1.0" encoding="UTF-8"?>
<!-- Generated by org.testng.reporters.JUnitReportReporter -->
<testsuite hostname="LT32062ITD035" failures="0" tests="4" name="ldLoansTest.ldLoansTest" time="30.817" errors="0" timestamp="2024-07-19T10:51:14 ICT" skipped="0">
  <testcase classname="ldLoansTest.ldLoansTest" name="ldLoanTest026" time="5.908"/>
  <system-out/>
  <testcase classname="ldLoansTest.ldLoansTest" name="ldLoanTest014" time="9.633"/>
  <system-out/>
  <testcase classname="ldLoansTest.ldLoansTest" name="ldLoanTest015" time="9.507"/>
  <system-out/>
  <testcase classname="ldLoansTest.ldLoansTest" name="ldLoanTest025" time="5.769"/>
  <system-out/>
</testsuite> <!-- ldLoansTest.ldLoansTest -->
