<?xml version="1.0" encoding="UTF-8"?>
<!-- Generated by org.testng.reporters.JUnitReportReporter -->
<testsuite hostname="LT32062ITD035" failures="0" tests="1" name="customerTest.customerTestCorp" time="42.687" errors="0" timestamp="2024-07-10T15:04:04 ICT" skipped="0">
  <testcase classname="customerTest.customerTestCorp" name="customerTest026" time="42.687"/>
  <system-out/>
</testsuite> <!-- customerTest.customerTestCorp -->
