<?xml version="1.0" encoding="UTF-8"?>
<!-- Generated by org.testng.reporters.JUnitReportReporter -->
<testsuite hostname="LT32062ITD035" failures="0" tests="1" name="MMTest.MMPopUp" time="5.514" errors="0" timestamp="2024-08-09T17:17:14 ICT" skipped="0">
  <testcase classname="MMTest.MMPopUp" name="popUp" time="5.514"/>
  <system-out/>
</testsuite> <!-- MMTest.MMPopUp -->
