<?xml version="1.0" encoding="UTF-8"?>
<!-- Generated by org.testng.reporters.JUnitReportReporter -->
<testsuite hostname="LT32062ITD035" failures="0" tests="5" name="ldLoansTest.ldLoansTest" time="54.983" errors="0" timestamp="2024-07-24T14:54:48 ICT" skipped="0">
  <testcase classname="ldLoansTest.ldLoansTest" name="openCurAcc" time="12.543"/>
  <system-out/>
  <testcase classname="ldLoansTest.ldLoansTest" name="limitGen" time="4.891"/>
  <system-out/>
  <testcase classname="ldLoansTest.ldLoansTest" name="dateTestgetToday" time="5.555"/>
  <system-out/>
  <testcase classname="ldLoansTest.ldLoansTest" name="customerKHDN" time="19.769"/>
  <system-out/>
  <testcase classname="ldLoansTest.ldLoansTest" name="openLoanAcc" time="12.225"/>
  <system-out/>
</testsuite> <!-- ldLoansTest.ldLoansTest -->
