<?xml version="1.0" encoding="UTF-8"?>
<!-- Generated by org.testng.reporters.JUnitReportReporter -->
<testsuite hostname="LT32062ITD035" failures="0" tests="1" name="customerTest.customerTestCorp" time="28.180" errors="0" timestamp="2024-07-08T10:00:36 ICT" skipped="0">
  <testcase classname="customerTest.customerTestCorp" name="customerTest021" time="28.180"/>
  <system-out/>
</testsuite> <!-- customerTest.customerTestCorp -->
