<?xml version="1.0" encoding="UTF-8"?>
<!-- Generated by org.testng.reporters.JUnitReportReporter -->
<testsuite hostname="LT32062ITD035" failures="0" tests="4" name="MMTest.MMTest" time="62.897" errors="0" timestamp="2024-08-01T11:13:14 ICT" skipped="0">
  <testcase classname="MMTest.MMTest" name="customerKHDN" time="29.614"/>
  <system-out/>
  <testcase classname="MMTest.MMTest" name="openCurAcc" time="18.726"/>
  <system-out/>
  <testcase classname="MMTest.MMTest" name="dateTestgetToday" time="7.634"/>
  <system-out/>
  <testcase classname="MMTest.MMTest" name="MMTest001" time="6.923"/>
  <system-out/>
</testsuite> <!-- MMTest.MMTest -->
