<?xml version="1.0" encoding="UTF-8"?>
<!-- Generated by org.testng.reporters.JUnitReportReporter -->
<testsuite hostname="LT32062ITD035" failures="0" tests="1" name="dateTest.dateTest" time="4.708" errors="0" timestamp="2024-07-22T14:42:59 ICT" skipped="0">
  <testcase classname="dateTest.dateTest" name="dateTestgetToday" time="4.708"/>
  <system-out/>
</testsuite> <!-- dateTest.dateTest -->
