<?xml version="1.0" encoding="UTF-8"?>
<!-- Generated by org.testng.reporters.JUnitReportReporter -->
<testsuite hostname="LT32062ITD035" failures="0" tests="1" name="customerTest.customerTest" time="10.835" errors="0" timestamp="2024-07-31T16:55:06 ICT" skipped="0">
  <testcase classname="customerTest.customerTest" name="customerTest030" time="10.835"/>
  <system-out/>
</testsuite> <!-- customerTest.customerTest -->
