<?xml version="1.0" encoding="UTF-8"?>
<!-- Generated by org.testng.reporters.JUnitReportReporter -->
<testsuite hostname="LT32062ITD035" failures="0" tests="4" name="customerTest.customerTestCorp" time="248.985" errors="0" timestamp="2024-07-09T14:14:25 ICT" skipped="0">
  <testcase classname="customerTest.customerTestCorp" name="customerTest022" time="37.620"/>
  <system-out/>
  <testcase classname="customerTest.customerTestCorp" name="customerTest024" time="42.389"/>
  <system-out/>
  <testcase classname="customerTest.customerTestCorp" name="customerTest023" time="51.044"/>
  <system-out/>
  <testcase classname="customerTest.customerTestCorp" name="customerTest025" time="117.932"/>
  <system-out/>
</testsuite> <!-- customerTest.customerTestCorp -->
