<?xml version="1.0" encoding="UTF-8"?>
<!-- Generated by org.testng.reporters.JUnitReportReporter -->
<testsuite hostname="LT32062ITD035" failures="0" tests="1" name="LDtest.LD025Test" time="3.990" errors="0" timestamp="2024-05-31T10:24:25 ICT" skipped="0">
  <testcase classname="LDtest.LD025Test" name="TestLD025" time="3.990"/>
  <system-out/>
</testsuite> <!-- LDtest.LD025Test -->
