<?xml version="1.0" encoding="UTF-8"?>
<!-- Generated by org.testng.reporters.JUnitReportReporter -->
<testsuite hostname="LT32062ITD035" failures="0" tests="1" name="customerTest.customerTestCorp" time="157.648" errors="0" timestamp="2024-07-29T17:16:37 ICT" skipped="0">
  <testcase classname="customerTest.customerTestCorp" name="customerTest031" time="157.648"/>
  <system-out/>
</testsuite> <!-- customerTest.customerTestCorp -->
