<?xml version="1.0" encoding="UTF-8"?>
<!-- Generated by org.testng.reporters.JUnitReportReporter -->
<testsuite hostname="LT32062ITD035" failures="0" tests="1" name="TestCaseAcc.SignInTest" time="2.930" errors="0" timestamp="2024-05-13T13:36:45 ICT" skipped="0">
  <testcase classname="TestCaseAcc.SignInTest" name="signIn" time="2.930"/>
  <system-out/>
</testsuite> <!-- TestCaseAcc.SignInTest -->
