<?xml version="1.0" encoding="UTF-8"?>
<!-- Generated by org.testng.reporters.JUnitReportReporter -->
<testsuite hostname="LT32062ITD035" failures="0" tests="1" name="customerTest.customerTestCorp" time="24.402" errors="0" timestamp="2024-07-04T10:12:08 ICT" skipped="0">
  <testcase classname="customerTest.customerTestCorp" name="customerTest010" time="24.402"/>
  <system-out/>
</testsuite> <!-- customerTest.customerTestCorp -->
